<?xml version="1.0" encoding="UTF-8"?>
<testsuite xmlns:xsi="http://www.w3.org/2001/XMLSchema-instance" xsi:noNamespaceSchemaLocation="https://maven.apache.org/surefire/maven-surefire-plugin/xsd/surefire-test-report.xsd" name="io.abhishek.AppConApplicationTests" time="6.417" tests="1" errors="0" skipped="0" failures="0">
  <properties>
    <property name="java.specification.version" value="17"/>
    <property name="sun.cpu.isalist" value="amd64"/>
    <property name="sun.jnu.encoding" value="Cp1252"/>
    <property name="java.class.path" value="C:\Users\mithlesh kumari\Documents\workspace-spring-tool-suite-4-4.14.1.RELEASE\AppCon\target\test-classes;C:\Users\mithlesh kumari\Documents\workspace-spring-tool-suite-4-4.14.1.RELEASE\AppCon\target\classes;C:\Users\mithlesh kumari\.m2\repository\org\springframework\boot\spring-boot-starter-web\2.7.5\spring-boot-starter-web-2.7.5.jar;C:\Users\mithlesh kumari\.m2\repository\org\springframework\boot\spring-boot-starter\2.7.5\spring-boot-starter-2.7.5.jar;C:\Users\mithlesh kumari\.m2\repository\org\springframework\boot\spring-boot-starter-logging\2.7.5\spring-boot-starter-logging-2.7.5.jar;C:\Users\mithlesh kumari\.m2\repository\ch\qos\logback\logback-classic\1.2.11\logback-classic-1.2.11.jar;C:\Users\mithlesh kumari\.m2\repository\ch\qos\logback\logback-core\1.2.11\logback-core-1.2.11.jar;C:\Users\mithlesh kumari\.m2\repository\org\apache\logging\log4j\log4j-to-slf4j\2.17.2\log4j-to-slf4j-2.17.2.jar;C:\Users\mithlesh kumari\.m2\repository\org\apache\logging\log4j\log4j-api\2.17.2\log4j-api-2.17.2.jar;C:\Users\mithlesh kumari\.m2\repository\org\slf4j\jul-to-slf4j\1.7.36\jul-to-slf4j-1.7.36.jar;C:\Users\mithlesh kumari\.m2\repository\jakarta\annotation\jakarta.annotation-api\1.3.5\jakarta.annotation-api-1.3.5.jar;C:\Users\mithlesh kumari\.m2\repository\org\yaml\snakeyaml\1.30\snakeyaml-1.30.jar;C:\Users\mithlesh kumari\.m2\repository\org\springframework\boot\spring-boot-starter-json\2.7.5\spring-boot-starter-json-2.7.5.jar;C:\Users\mithlesh kumari\.m2\repository\com\fasterxml\jackson\core\jackson-databind\2.13.4.2\jackson-databind-2.13.4.2.jar;C:\Users\mithlesh kumari\.m2\repository\com\fasterxml\jackson\core\jackson-annotations\2.13.4\jackson-annotations-2.13.4.jar;C:\Users\mithlesh kumari\.m2\repository\com\fasterxml\jackson\core\jackson-core\2.13.4\jackson-core-2.13.4.jar;C:\Users\mithlesh kumari\.m2\repository\com\fasterxml\jackson\datatype\jackson-datatype-jdk8\2.13.4\jackson-datatype-jdk8-2.13.4.jar;C:\Users\mithlesh kumari\.m2\repository\com\fasterxml\jackson\datatype\jackson-datatype-jsr310\2.13.4\jackson-datatype-jsr310-2.13.4.jar;C:\Users\mithlesh kumari\.m2\repository\com\fasterxml\jackson\module\jackson-module-parameter-names\2.13.4\jackson-module-parameter-names-2.13.4.jar;C:\Users\mithlesh kumari\.m2\repository\org\springframework\boot\spring-boot-starter-tomcat\2.7.5\spring-boot-starter-tomcat-2.7.5.jar;C:\Users\mithlesh kumari\.m2\repository\org\apache\tomcat\embed\tomcat-embed-core\9.0.68\tomcat-embed-core-9.0.68.jar;C:\Users\mithlesh kumari\.m2\repository\org\apache\tomcat\embed\tomcat-embed-el\9.0.68\tomcat-embed-el-9.0.68.jar;C:\Users\mithlesh kumari\.m2\repository\org\apache\tomcat\embed\tomcat-embed-websocket\9.0.68\tomcat-embed-websocket-9.0.68.jar;C:\Users\mithlesh kumari\.m2\repository\org\springframework\spring-web\5.3.23\spring-web-5.3.23.jar;C:\Users\mithlesh kumari\.m2\repository\org\springframework\spring-beans\5.3.23\spring-beans-5.3.23.jar;C:\Users\mithlesh kumari\.m2\repository\org\springframework\spring-webmvc\5.3.23\spring-webmvc-5.3.23.jar;C:\Users\mithlesh kumari\.m2\repository\org\springframework\spring-aop\5.3.23\spring-aop-5.3.23.jar;C:\Users\mithlesh kumari\.m2\repository\org\springframework\spring-context\5.3.23\spring-context-5.3.23.jar;C:\Users\mithlesh kumari\.m2\repository\org\springframework\spring-expression\5.3.23\spring-expression-5.3.23.jar;C:\Users\mithlesh kumari\.m2\repository\org\springframework\boot\spring-boot-devtools\2.7.5\spring-boot-devtools-2.7.5.jar;C:\Users\mithlesh kumari\.m2\repository\org\springframework\boot\spring-boot\2.7.5\spring-boot-2.7.5.jar;C:\Users\mithlesh kumari\.m2\repository\org\springframework\boot\spring-boot-autoconfigure\2.7.5\spring-boot-autoconfigure-2.7.5.jar;C:\Users\mithlesh kumari\.m2\repository\org\springframework\boot\spring-boot-starter-test\2.7.5\spring-boot-starter-test-2.7.5.jar;C:\Users\mithlesh kumari\.m2\repository\org\springframework\boot\spring-boot-test\2.7.5\spring-boot-test-2.7.5.jar;C:\Users\mithlesh kumari\.m2\repository\org\springframework\boot\spring-boot-test-autoconfigure\2.7.5\spring-boot-test-autoconfigure-2.7.5.jar;C:\Users\mithlesh kumari\.m2\repository\com\jayway\jsonpath\json-path\2.7.0\json-path-2.7.0.jar;C:\Users\mithlesh kumari\.m2\repository\net\minidev\json-smart\2.4.8\json-smart-2.4.8.jar;C:\Users\mithlesh kumari\.m2\repository\net\minidev\accessors-smart\2.4.8\accessors-smart-2.4.8.jar;C:\Users\mithlesh kumari\.m2\repository\org\ow2\asm\asm\9.1\asm-9.1.jar;C:\Users\mithlesh kumari\.m2\repository\org\slf4j\slf4j-api\1.7.36\slf4j-api-1.7.36.jar;C:\Users\mithlesh kumari\.m2\repository\jakarta\xml\bind\jakarta.xml.bind-api\2.3.3\jakarta.xml.bind-api-2.3.3.jar;C:\Users\mithlesh kumari\.m2\repository\jakarta\activation\jakarta.activation-api\1.2.2\jakarta.activation-api-1.2.2.jar;C:\Users\mithlesh kumari\.m2\repository\org\assertj\assertj-core\3.22.0\assertj-core-3.22.0.jar;C:\Users\mithlesh kumari\.m2\repository\org\hamcrest\hamcrest\2.2\hamcrest-2.2.jar;C:\Users\mithlesh kumari\.m2\repository\org\junit\jupiter\junit-jupiter\5.8.2\junit-jupiter-5.8.2.jar;C:\Users\mithlesh kumari\.m2\repository\org\junit\jupiter\junit-jupiter-api\5.8.2\junit-jupiter-api-5.8.2.jar;C:\Users\mithlesh kumari\.m2\repository\org\opentest4j\opentest4j\1.2.0\opentest4j-1.2.0.jar;C:\Users\mithlesh kumari\.m2\repository\org\junit\platform\junit-platform-commons\1.8.2\junit-platform-commons-1.8.2.jar;C:\Users\mithlesh kumari\.m2\repository\org\apiguardian\apiguardian-api\1.1.2\apiguardian-api-1.1.2.jar;C:\Users\mithlesh kumari\.m2\repository\org\junit\jupiter\junit-jupiter-params\5.8.2\junit-jupiter-params-5.8.2.jar;C:\Users\mithlesh kumari\.m2\repository\org\junit\jupiter\junit-jupiter-engine\5.8.2\junit-jupiter-engine-5.8.2.jar;C:\Users\mithlesh kumari\.m2\repository\org\junit\platform\junit-platform-engine\1.8.2\junit-platform-engine-1.8.2.jar;C:\Users\mithlesh kumari\.m2\repository\org\mockito\mockito-core\4.5.1\mockito-core-4.5.1.jar;C:\Users\mithlesh kumari\.m2\repository\net\bytebuddy\byte-buddy\1.12.18\byte-buddy-1.12.18.jar;C:\Users\mithlesh kumari\.m2\repository\net\bytebuddy\byte-buddy-agent\1.12.18\byte-buddy-agent-1.12.18.jar;C:\Users\mithlesh kumari\.m2\repository\org\objenesis\objenesis\3.2\objenesis-3.2.jar;C:\Users\mithlesh kumari\.m2\repository\org\mockito\mockito-junit-jupiter\4.5.1\mockito-junit-jupiter-4.5.1.jar;C:\Users\mithlesh kumari\.m2\repository\org\skyscreamer\jsonassert\1.5.1\jsonassert-1.5.1.jar;C:\Users\mithlesh kumari\.m2\repository\com\vaadin\external\google\android-json\0.0.20131108.vaadin1\android-json-0.0.20131108.vaadin1.jar;C:\Users\mithlesh kumari\.m2\repository\org\springframework\spring-core\5.3.23\spring-core-5.3.23.jar;C:\Users\mithlesh kumari\.m2\repository\org\springframework\spring-jcl\5.3.23\spring-jcl-5.3.23.jar;C:\Users\mithlesh kumari\.m2\repository\org\springframework\spring-test\5.3.23\spring-test-5.3.23.jar;C:\Users\mithlesh kumari\.m2\repository\org\xmlunit\xmlunit-core\2.9.0\xmlunit-core-2.9.0.jar;C:\Users\mithlesh kumari\.m2\repository\org\projectlombok\lombok\1.18.24\lombok-1.18.24.jar;C:\Users\mithlesh kumari\.m2\repository\io\opentracing\contrib\opentracing-spring-jaeger-cloud-starter\3.1.2\opentracing-spring-jaeger-cloud-starter-3.1.2.jar;C:\Users\mithlesh kumari\.m2\repository\io\opentracing\contrib\opentracing-spring-jaeger-starter\3.1.2\opentracing-spring-jaeger-starter-3.1.2.jar;C:\Users\mithlesh kumari\.m2\repository\io\opentracing\contrib\opentracing-spring-tracer-configuration-starter\0.3.1\opentracing-spring-tracer-configuration-starter-0.3.1.jar;C:\Users\mithlesh kumari\.m2\repository\io\opentracing\opentracing-noop\0.33.0\opentracing-noop-0.33.0.jar;C:\Users\mithlesh kumari\.m2\repository\io\opentracing\opentracing-util\0.33.0\opentracing-util-0.33.0.jar;C:\Users\mithlesh kumari\.m2\repository\io\opentracing\contrib\opentracing-tracerresolver\0.1.8\opentracing-tracerresolver-0.1.8.jar;C:\Users\mithlesh kumari\.m2\repository\io\opentracing\opentracing-api\0.33.0\opentracing-api-0.33.0.jar;C:\Users\mithlesh kumari\.m2\repository\io\jaegertracing\jaeger-client\1.1.0\jaeger-client-1.1.0.jar;C:\Users\mithlesh kumari\.m2\repository\io\jaegertracing\jaeger-thrift\1.1.0\jaeger-thrift-1.1.0.jar;C:\Users\mithlesh kumari\.m2\repository\org\apache\thrift\libthrift\0.13.0\libthrift-0.13.0.jar;C:\Users\mithlesh kumari\.m2\repository\javax\annotation\javax.annotation-api\1.3.2\javax.annotation-api-1.3.2.jar;C:\Users\mithlesh kumari\.m2\repository\com\squareup\okhttp3\okhttp\4.9.3\okhttp-4.9.3.jar;C:\Users\mithlesh kumari\.m2\repository\com\squareup\okio\okio\2.8.0\okio-2.8.0.jar;C:\Users\mithlesh kumari\.m2\repository\org\jetbrains\kotlin\kotlin-stdlib-common\1.6.21\kotlin-stdlib-common-1.6.21.jar;C:\Users\mithlesh kumari\.m2\repository\org\jetbrains\kotlin\kotlin-stdlib\1.6.21\kotlin-stdlib-1.6.21.jar;C:\Users\mithlesh kumari\.m2\repository\org\jetbrains\annotations\13.0\annotations-13.0.jar;C:\Users\mithlesh kumari\.m2\repository\io\jaegertracing\jaeger-core\1.1.0\jaeger-core-1.1.0.jar;C:\Users\mithlesh kumari\.m2\repository\com\google\code\gson\gson\2.9.1\gson-2.9.1.jar;C:\Users\mithlesh kumari\.m2\repository\io\jaegertracing\jaeger-tracerresolver\1.1.0\jaeger-tracerresolver-1.1.0.jar;C:\Users\mithlesh kumari\.m2\repository\io\opentracing\contrib\opentracing-spring-cloud-starter\0.5.3\opentracing-spring-cloud-starter-0.5.3.jar;C:\Users\mithlesh kumari\.m2\repository\io\opentracing\contrib\opentracing-spring-cloud-core\0.5.3\opentracing-spring-cloud-core-0.5.3.jar;C:\Users\mithlesh kumari\.m2\repository\org\springframework\boot\spring-boot-starter-aop\2.7.5\spring-boot-starter-aop-2.7.5.jar;C:\Users\mithlesh kumari\.m2\repository\org\aspectj\aspectjweaver\1.9.7\aspectjweaver-1.9.7.jar;C:\Users\mithlesh kumari\.m2\repository\io\opentracing\contrib\opentracing-concurrent\0.4.0\opentracing-concurrent-0.4.0.jar;C:\Users\mithlesh kumari\.m2\repository\io\opentracing\contrib\opentracing-spring-web-starter\3.0.1\opentracing-spring-web-starter-3.0.1.jar;C:\Users\mithlesh kumari\.m2\repository\io\opentracing\contrib\opentracing-spring-web\3.0.1\opentracing-spring-web-3.0.1.jar;C:\Users\mithlesh kumari\.m2\repository\io\opentracing\contrib\opentracing-web-servlet-filter\0.4.0\opentracing-web-servlet-filter-0.4.0.jar;C:\Users\mithlesh kumari\.m2\repository\io\opentracing\contrib\opentracing-spring-messaging-starter\1.0.0\opentracing-spring-messaging-starter-1.0.0.jar;C:\Users\mithlesh kumari\.m2\repository\io\opentracing\contrib\opentracing-spring-messaging\1.0.0\opentracing-spring-messaging-1.0.0.jar;C:\Users\mithlesh kumari\.m2\repository\io\opentracing\contrib\opentracing-spring-rabbitmq-starter\3.0.0\opentracing-spring-rabbitmq-starter-3.0.0.jar;C:\Users\mithlesh kumari\.m2\repository\io\opentracing\contrib\opentracing-spring-rabbitmq\3.0.0\opentracing-spring-rabbitmq-3.0.0.jar;C:\Users\mithlesh kumari\.m2\repository\io\opentracing\contrib\opentracing-spring-cloud-jdbc-starter\0.5.3\opentracing-spring-cloud-jdbc-starter-0.5.3.jar;C:\Users\mithlesh kumari\.m2\repository\io\opentracing\contrib\opentracing-jdbc\0.2.8\opentracing-jdbc-0.2.8.jar;C:\Users\mithlesh kumari\.m2\repository\io\opentracing\contrib\common\0.1.4\common-0.1.4.jar;C:\Users\mithlesh kumari\.m2\repository\io\opentracing\contrib\opentracing-spring-cloud-jms-starter\0.5.3\opentracing-spring-cloud-jms-starter-0.5.3.jar;C:\Users\mithlesh kumari\.m2\repository\io\opentracing\contrib\opentracing-jms-spring\0.1.7\opentracing-jms-spring-0.1.7.jar;C:\Users\mithlesh kumari\.m2\repository\io\opentracing\contrib\opentracing-jms-2\0.1.7\opentracing-jms-2-0.1.7.jar;C:\Users\mithlesh kumari\.m2\repository\io\opentracing\contrib\opentracing-jms-common\0.1.7\opentracing-jms-common-0.1.7.jar;C:\Users\mithlesh kumari\.m2\repository\io\opentracing\contrib\opentracing-spring-cloud-kafka-starter\0.5.3\opentracing-spring-cloud-kafka-starter-0.5.3.jar;C:\Users\mithlesh kumari\.m2\repository\io\opentracing\contrib\opentracing-kafka-spring\0.1.12\opentracing-kafka-spring-0.1.12.jar;C:\Users\mithlesh kumari\.m2\repository\io\opentracing\contrib\opentracing-kafka-client\0.1.12\opentracing-kafka-client-0.1.12.jar;C:\Users\mithlesh kumari\.m2\repository\io\opentracing\contrib\opentracing-spring-cloud-feign-starter\0.5.3\opentracing-spring-cloud-feign-starter-0.5.3.jar;C:\Users\mithlesh kumari\.m2\repository\io\github\openfeign\opentracing\feign-opentracing\0.4.0\feign-opentracing-0.4.0.jar;C:\Users\mithlesh kumari\.m2\repository\io\github\openfeign\opentracing\feign-hystrix-opentracing\0.4.0\feign-hystrix-opentracing-0.4.0.jar;C:\Users\mithlesh kumari\.m2\repository\io\opentracing\contrib\opentracing-spring-cloud-hystrix-starter\0.5.3\opentracing-spring-cloud-hystrix-starter-0.5.3.jar;C:\Users\mithlesh kumari\.m2\repository\io\opentracing\contrib\opentracing-spring-cloud-reactor-starter\0.5.3\opentracing-spring-cloud-reactor-starter-0.5.3.jar;C:\Users\mithlesh kumari\.m2\repository\io\opentracing\contrib\opentracing-reactor\0.1.2\opentracing-reactor-0.1.2.jar;C:\Users\mithlesh kumari\.m2\repository\io\opentracing\contrib\opentracing-spring-cloud-rxjava-starter\0.5.3\opentracing-spring-cloud-rxjava-starter-0.5.3.jar;C:\Users\mithlesh kumari\.m2\repository\io\opentracing\contrib\opentracing-rxjava-1\0.1.3\opentracing-rxjava-1-0.1.3.jar;C:\Users\mithlesh kumari\.m2\repository\io\opentracing\contrib\opentracing-spring-cloud-redis-starter\0.5.3\opentracing-spring-cloud-redis-starter-0.5.3.jar;C:\Users\mithlesh kumari\.m2\repository\io\opentracing\contrib\opentracing-redis-spring-data2\0.1.14\opentracing-redis-spring-data2-0.1.14.jar;C:\Users\mithlesh kumari\.m2\repository\io\opentracing\contrib\opentracing-redis-common\0.1.14\opentracing-redis-common-0.1.14.jar;C:\Users\mithlesh kumari\.m2\repository\io\opentracing\contrib\opentracing-spring-cloud-mongo-starter\0.5.3\opentracing-spring-cloud-mongo-starter-0.5.3.jar;C:\Users\mithlesh kumari\.m2\repository\io\opentracing\contrib\opentracing-mongo-driver\0.1.5\opentracing-mongo-driver-0.1.5.jar;C:\Users\mithlesh kumari\.m2\repository\io\opentracing\contrib\opentracing-mongo-common\0.1.5\opentracing-mongo-common-0.1.5.jar;C:\Users\mithlesh kumari\.m2\repository\io\opentracing\contrib\opentracing-spring-cloud-websocket-starter\0.5.3\opentracing-spring-cloud-websocket-starter-0.5.3.jar;C:\Users\mithlesh kumari\.m2\repository\io\opentracing\contrib\opentracing-spring-cloud-zuul-starter\0.5.3\opentracing-spring-cloud-zuul-starter-0.5.3.jar;C:\Users\mithlesh kumari\.m2\repository\io\opentracing\contrib\opentracing-spring-cloud-gateway-starter\0.5.3\opentracing-spring-cloud-gateway-starter-0.5.3.jar;"/>
    <property name="java.vm.vendor" value="Eclipse Adoptium"/>
    <property name="sun.arch.data.model" value="64"/>
    <property name="user.variant" value=""/>
    <property name="java.vendor.url" value="https://adoptium.net/"/>
    <property name="user.timezone" value="Asia/Calcutta"/>
    <property name="os.name" value="Windows 11"/>
    <property name="java.vm.specification.version" value="17"/>
    <property name="sun.java.launcher" value="SUN_STANDARD"/>
    <property name="user.country" value="US"/>
    <property name="sun.boot.library.path" value="C:\Users\mithlesh kumari\Downloads\sts-4.14.1.RELEASE\plugins\org.eclipse.justj.openjdk.hotspot.jre.full.win32.x86_64_17.0.2.v20220201-1208\jre\bin"/>
    <property name="sun.java.command" value="C:\Users\MITHLE~1\AppData\Local\Temp\surefire14663948379783140644\surefirebooter11533134043291717755.jar C:\Users\mithlesh kumari\AppData\Local\Temp\surefire14663948379783140644 2022-12-26T12-36-12_502-jvmRun1 surefire7832461154212196321tmp surefire_04154201114372312317tmp"/>
    <property name="jdk.debug" value="release"/>
    <property name="surefire.test.class.path" value="C:\Users\mithlesh kumari\Documents\workspace-spring-tool-suite-4-4.14.1.RELEASE\AppCon\target\test-classes;C:\Users\mithlesh kumari\Documents\workspace-spring-tool-suite-4-4.14.1.RELEASE\AppCon\target\classes;C:\Users\mithlesh kumari\.m2\repository\org\springframework\boot\spring-boot-starter-web\2.7.5\spring-boot-starter-web-2.7.5.jar;C:\Users\mithlesh kumari\.m2\repository\org\springframework\boot\spring-boot-starter\2.7.5\spring-boot-starter-2.7.5.jar;C:\Users\mithlesh kumari\.m2\repository\org\springframework\boot\spring-boot-starter-logging\2.7.5\spring-boot-starter-logging-2.7.5.jar;C:\Users\mithlesh kumari\.m2\repository\ch\qos\logback\logback-classic\1.2.11\logback-classic-1.2.11.jar;C:\Users\mithlesh kumari\.m2\repository\ch\qos\logback\logback-core\1.2.11\logback-core-1.2.11.jar;C:\Users\mithlesh kumari\.m2\repository\org\apache\logging\log4j\log4j-to-slf4j\2.17.2\log4j-to-slf4j-2.17.2.jar;C:\Users\mithlesh kumari\.m2\repository\org\apache\logging\log4j\log4j-api\2.17.2\log4j-api-2.17.2.jar;C:\Users\mithlesh kumari\.m2\repository\org\slf4j\jul-to-slf4j\1.7.36\jul-to-slf4j-1.7.36.jar;C:\Users\mithlesh kumari\.m2\repository\jakarta\annotation\jakarta.annotation-api\1.3.5\jakarta.annotation-api-1.3.5.jar;C:\Users\mithlesh kumari\.m2\repository\org\yaml\snakeyaml\1.30\snakeyaml-1.30.jar;C:\Users\mithlesh kumari\.m2\repository\org\springframework\boot\spring-boot-starter-json\2.7.5\spring-boot-starter-json-2.7.5.jar;C:\Users\mithlesh kumari\.m2\repository\com\fasterxml\jackson\core\jackson-databind\2.13.4.2\jackson-databind-2.13.4.2.jar;C:\Users\mithlesh kumari\.m2\repository\com\fasterxml\jackson\core\jackson-annotations\2.13.4\jackson-annotations-2.13.4.jar;C:\Users\mithlesh kumari\.m2\repository\com\fasterxml\jackson\core\jackson-core\2.13.4\jackson-core-2.13.4.jar;C:\Users\mithlesh kumari\.m2\repository\com\fasterxml\jackson\datatype\jackson-datatype-jdk8\2.13.4\jackson-datatype-jdk8-2.13.4.jar;C:\Users\mithlesh kumari\.m2\repository\com\fasterxml\jackson\datatype\jackson-datatype-jsr310\2.13.4\jackson-datatype-jsr310-2.13.4.jar;C:\Users\mithlesh kumari\.m2\repository\com\fasterxml\jackson\module\jackson-module-parameter-names\2.13.4\jackson-module-parameter-names-2.13.4.jar;C:\Users\mithlesh kumari\.m2\repository\org\springframework\boot\spring-boot-starter-tomcat\2.7.5\spring-boot-starter-tomcat-2.7.5.jar;C:\Users\mithlesh kumari\.m2\repository\org\apache\tomcat\embed\tomcat-embed-core\9.0.68\tomcat-embed-core-9.0.68.jar;C:\Users\mithlesh kumari\.m2\repository\org\apache\tomcat\embed\tomcat-embed-el\9.0.68\tomcat-embed-el-9.0.68.jar;C:\Users\mithlesh kumari\.m2\repository\org\apache\tomcat\embed\tomcat-embed-websocket\9.0.68\tomcat-embed-websocket-9.0.68.jar;C:\Users\mithlesh kumari\.m2\repository\org\springframework\spring-web\5.3.23\spring-web-5.3.23.jar;C:\Users\mithlesh kumari\.m2\repository\org\springframework\spring-beans\5.3.23\spring-beans-5.3.23.jar;C:\Users\mithlesh kumari\.m2\repository\org\springframework\spring-webmvc\5.3.23\spring-webmvc-5.3.23.jar;C:\Users\mithlesh kumari\.m2\repository\org\springframework\spring-aop\5.3.23\spring-aop-5.3.23.jar;C:\Users\mithlesh kumari\.m2\repository\org\springframework\spring-context\5.3.23\spring-context-5.3.23.jar;C:\Users\mithlesh kumari\.m2\repository\org\springframework\spring-expression\5.3.23\spring-expression-5.3.23.jar;C:\Users\mithlesh kumari\.m2\repository\org\springframework\boot\spring-boot-devtools\2.7.5\spring-boot-devtools-2.7.5.jar;C:\Users\mithlesh kumari\.m2\repository\org\springframework\boot\spring-boot\2.7.5\spring-boot-2.7.5.jar;C:\Users\mithlesh kumari\.m2\repository\org\springframework\boot\spring-boot-autoconfigure\2.7.5\spring-boot-autoconfigure-2.7.5.jar;C:\Users\mithlesh kumari\.m2\repository\org\springframework\boot\spring-boot-starter-test\2.7.5\spring-boot-starter-test-2.7.5.jar;C:\Users\mithlesh kumari\.m2\repository\org\springframework\boot\spring-boot-test\2.7.5\spring-boot-test-2.7.5.jar;C:\Users\mithlesh kumari\.m2\repository\org\springframework\boot\spring-boot-test-autoconfigure\2.7.5\spring-boot-test-autoconfigure-2.7.5.jar;C:\Users\mithlesh kumari\.m2\repository\com\jayway\jsonpath\json-path\2.7.0\json-path-2.7.0.jar;C:\Users\mithlesh kumari\.m2\repository\net\minidev\json-smart\2.4.8\json-smart-2.4.8.jar;C:\Users\mithlesh kumari\.m2\repository\net\minidev\accessors-smart\2.4.8\accessors-smart-2.4.8.jar;C:\Users\mithlesh kumari\.m2\repository\org\ow2\asm\asm\9.1\asm-9.1.jar;C:\Users\mithlesh kumari\.m2\repository\org\slf4j\slf4j-api\1.7.36\slf4j-api-1.7.36.jar;C:\Users\mithlesh kumari\.m2\repository\jakarta\xml\bind\jakarta.xml.bind-api\2.3.3\jakarta.xml.bind-api-2.3.3.jar;C:\Users\mithlesh kumari\.m2\repository\jakarta\activation\jakarta.activation-api\1.2.2\jakarta.activation-api-1.2.2.jar;C:\Users\mithlesh kumari\.m2\repository\org\assertj\assertj-core\3.22.0\assertj-core-3.22.0.jar;C:\Users\mithlesh kumari\.m2\repository\org\hamcrest\hamcrest\2.2\hamcrest-2.2.jar;C:\Users\mithlesh kumari\.m2\repository\org\junit\jupiter\junit-jupiter\5.8.2\junit-jupiter-5.8.2.jar;C:\Users\mithlesh kumari\.m2\repository\org\junit\jupiter\junit-jupiter-api\5.8.2\junit-jupiter-api-5.8.2.jar;C:\Users\mithlesh kumari\.m2\repository\org\opentest4j\opentest4j\1.2.0\opentest4j-1.2.0.jar;C:\Users\mithlesh kumari\.m2\repository\org\junit\platform\junit-platform-commons\1.8.2\junit-platform-commons-1.8.2.jar;C:\Users\mithlesh kumari\.m2\repository\org\apiguardian\apiguardian-api\1.1.2\apiguardian-api-1.1.2.jar;C:\Users\mithlesh kumari\.m2\repository\org\junit\jupiter\junit-jupiter-params\5.8.2\junit-jupiter-params-5.8.2.jar;C:\Users\mithlesh kumari\.m2\repository\org\junit\jupiter\junit-jupiter-engine\5.8.2\junit-jupiter-engine-5.8.2.jar;C:\Users\mithlesh kumari\.m2\repository\org\junit\platform\junit-platform-engine\1.8.2\junit-platform-engine-1.8.2.jar;C:\Users\mithlesh kumari\.m2\repository\org\mockito\mockito-core\4.5.1\mockito-core-4.5.1.jar;C:\Users\mithlesh kumari\.m2\repository\net\bytebuddy\byte-buddy\1.12.18\byte-buddy-1.12.18.jar;C:\Users\mithlesh kumari\.m2\repository\net\bytebuddy\byte-buddy-agent\1.12.18\byte-buddy-agent-1.12.18.jar;C:\Users\mithlesh kumari\.m2\repository\org\objenesis\objenesis\3.2\objenesis-3.2.jar;C:\Users\mithlesh kumari\.m2\repository\org\mockito\mockito-junit-jupiter\4.5.1\mockito-junit-jupiter-4.5.1.jar;C:\Users\mithlesh kumari\.m2\repository\org\skyscreamer\jsonassert\1.5.1\jsonassert-1.5.1.jar;C:\Users\mithlesh kumari\.m2\repository\com\vaadin\external\google\android-json\0.0.20131108.vaadin1\android-json-0.0.20131108.vaadin1.jar;C:\Users\mithlesh kumari\.m2\repository\org\springframework\spring-core\5.3.23\spring-core-5.3.23.jar;C:\Users\mithlesh kumari\.m2\repository\org\springframework\spring-jcl\5.3.23\spring-jcl-5.3.23.jar;C:\Users\mithlesh kumari\.m2\repository\org\springframework\spring-test\5.3.23\spring-test-5.3.23.jar;C:\Users\mithlesh kumari\.m2\repository\org\xmlunit\xmlunit-core\2.9.0\xmlunit-core-2.9.0.jar;C:\Users\mithlesh kumari\.m2\repository\org\projectlombok\lombok\1.18.24\lombok-1.18.24.jar;C:\Users\mithlesh kumari\.m2\repository\io\opentracing\contrib\opentracing-spring-jaeger-cloud-starter\3.1.2\opentracing-spring-jaeger-cloud-starter-3.1.2.jar;C:\Users\mithlesh kumari\.m2\repository\io\opentracing\contrib\opentracing-spring-jaeger-starter\3.1.2\opentracing-spring-jaeger-starter-3.1.2.jar;C:\Users\mithlesh kumari\.m2\repository\io\opentracing\contrib\opentracing-spring-tracer-configuration-starter\0.3.1\opentracing-spring-tracer-configuration-starter-0.3.1.jar;C:\Users\mithlesh kumari\.m2\repository\io\opentracing\opentracing-noop\0.33.0\opentracing-noop-0.33.0.jar;C:\Users\mithlesh kumari\.m2\repository\io\opentracing\opentracing-util\0.33.0\opentracing-util-0.33.0.jar;C:\Users\mithlesh kumari\.m2\repository\io\opentracing\contrib\opentracing-tracerresolver\0.1.8\opentracing-tracerresolver-0.1.8.jar;C:\Users\mithlesh kumari\.m2\repository\io\opentracing\opentracing-api\0.33.0\opentracing-api-0.33.0.jar;C:\Users\mithlesh kumari\.m2\repository\io\jaegertracing\jaeger-client\1.1.0\jaeger-client-1.1.0.jar;C:\Users\mithlesh kumari\.m2\repository\io\jaegertracing\jaeger-thrift\1.1.0\jaeger-thrift-1.1.0.jar;C:\Users\mithlesh kumari\.m2\repository\org\apache\thrift\libthrift\0.13.0\libthrift-0.13.0.jar;C:\Users\mithlesh kumari\.m2\repository\javax\annotation\javax.annotation-api\1.3.2\javax.annotation-api-1.3.2.jar;C:\Users\mithlesh kumari\.m2\repository\com\squareup\okhttp3\okhttp\4.9.3\okhttp-4.9.3.jar;C:\Users\mithlesh kumari\.m2\repository\com\squareup\okio\okio\2.8.0\okio-2.8.0.jar;C:\Users\mithlesh kumari\.m2\repository\org\jetbrains\kotlin\kotlin-stdlib-common\1.6.21\kotlin-stdlib-common-1.6.21.jar;C:\Users\mithlesh kumari\.m2\repository\org\jetbrains\kotlin\kotlin-stdlib\1.6.21\kotlin-stdlib-1.6.21.jar;C:\Users\mithlesh kumari\.m2\repository\org\jetbrains\annotations\13.0\annotations-13.0.jar;C:\Users\mithlesh kumari\.m2\repository\io\jaegertracing\jaeger-core\1.1.0\jaeger-core-1.1.0.jar;C:\Users\mithlesh kumari\.m2\repository\com\google\code\gson\gson\2.9.1\gson-2.9.1.jar;C:\Users\mithlesh kumari\.m2\repository\io\jaegertracing\jaeger-tracerresolver\1.1.0\jaeger-tracerresolver-1.1.0.jar;C:\Users\mithlesh kumari\.m2\repository\io\opentracing\contrib\opentracing-spring-cloud-starter\0.5.3\opentracing-spring-cloud-starter-0.5.3.jar;C:\Users\mithlesh kumari\.m2\repository\io\opentracing\contrib\opentracing-spring-cloud-core\0.5.3\opentracing-spring-cloud-core-0.5.3.jar;C:\Users\mithlesh kumari\.m2\repository\org\springframework\boot\spring-boot-starter-aop\2.7.5\spring-boot-starter-aop-2.7.5.jar;C:\Users\mithlesh kumari\.m2\repository\org\aspectj\aspectjweaver\1.9.7\aspectjweaver-1.9.7.jar;C:\Users\mithlesh kumari\.m2\repository\io\opentracing\contrib\opentracing-concurrent\0.4.0\opentracing-concurrent-0.4.0.jar;C:\Users\mithlesh kumari\.m2\repository\io\opentracing\contrib\opentracing-spring-web-starter\3.0.1\opentracing-spring-web-starter-3.0.1.jar;C:\Users\mithlesh kumari\.m2\repository\io\opentracing\contrib\opentracing-spring-web\3.0.1\opentracing-spring-web-3.0.1.jar;C:\Users\mithlesh kumari\.m2\repository\io\opentracing\contrib\opentracing-web-servlet-filter\0.4.0\opentracing-web-servlet-filter-0.4.0.jar;C:\Users\mithlesh kumari\.m2\repository\io\opentracing\contrib\opentracing-spring-messaging-starter\1.0.0\opentracing-spring-messaging-starter-1.0.0.jar;C:\Users\mithlesh kumari\.m2\repository\io\opentracing\contrib\opentracing-spring-messaging\1.0.0\opentracing-spring-messaging-1.0.0.jar;C:\Users\mithlesh kumari\.m2\repository\io\opentracing\contrib\opentracing-spring-rabbitmq-starter\3.0.0\opentracing-spring-rabbitmq-starter-3.0.0.jar;C:\Users\mithlesh kumari\.m2\repository\io\opentracing\contrib\opentracing-spring-rabbitmq\3.0.0\opentracing-spring-rabbitmq-3.0.0.jar;C:\Users\mithlesh kumari\.m2\repository\io\opentracing\contrib\opentracing-spring-cloud-jdbc-starter\0.5.3\opentracing-spring-cloud-jdbc-starter-0.5.3.jar;C:\Users\mithlesh kumari\.m2\repository\io\opentracing\contrib\opentracing-jdbc\0.2.8\opentracing-jdbc-0.2.8.jar;C:\Users\mithlesh kumari\.m2\repository\io\opentracing\contrib\common\0.1.4\common-0.1.4.jar;C:\Users\mithlesh kumari\.m2\repository\io\opentracing\contrib\opentracing-spring-cloud-jms-starter\0.5.3\opentracing-spring-cloud-jms-starter-0.5.3.jar;C:\Users\mithlesh kumari\.m2\repository\io\opentracing\contrib\opentracing-jms-spring\0.1.7\opentracing-jms-spring-0.1.7.jar;C:\Users\mithlesh kumari\.m2\repository\io\opentracing\contrib\opentracing-jms-2\0.1.7\opentracing-jms-2-0.1.7.jar;C:\Users\mithlesh kumari\.m2\repository\io\opentracing\contrib\opentracing-jms-common\0.1.7\opentracing-jms-common-0.1.7.jar;C:\Users\mithlesh kumari\.m2\repository\io\opentracing\contrib\opentracing-spring-cloud-kafka-starter\0.5.3\opentracing-spring-cloud-kafka-starter-0.5.3.jar;C:\Users\mithlesh kumari\.m2\repository\io\opentracing\contrib\opentracing-kafka-spring\0.1.12\opentracing-kafka-spring-0.1.12.jar;C:\Users\mithlesh kumari\.m2\repository\io\opentracing\contrib\opentracing-kafka-client\0.1.12\opentracing-kafka-client-0.1.12.jar;C:\Users\mithlesh kumari\.m2\repository\io\opentracing\contrib\opentracing-spring-cloud-feign-starter\0.5.3\opentracing-spring-cloud-feign-starter-0.5.3.jar;C:\Users\mithlesh kumari\.m2\repository\io\github\openfeign\opentracing\feign-opentracing\0.4.0\feign-opentracing-0.4.0.jar;C:\Users\mithlesh kumari\.m2\repository\io\github\openfeign\opentracing\feign-hystrix-opentracing\0.4.0\feign-hystrix-opentracing-0.4.0.jar;C:\Users\mithlesh kumari\.m2\repository\io\opentracing\contrib\opentracing-spring-cloud-hystrix-starter\0.5.3\opentracing-spring-cloud-hystrix-starter-0.5.3.jar;C:\Users\mithlesh kumari\.m2\repository\io\opentracing\contrib\opentracing-spring-cloud-reactor-starter\0.5.3\opentracing-spring-cloud-reactor-starter-0.5.3.jar;C:\Users\mithlesh kumari\.m2\repository\io\opentracing\contrib\opentracing-reactor\0.1.2\opentracing-reactor-0.1.2.jar;C:\Users\mithlesh kumari\.m2\repository\io\opentracing\contrib\opentracing-spring-cloud-rxjava-starter\0.5.3\opentracing-spring-cloud-rxjava-starter-0.5.3.jar;C:\Users\mithlesh kumari\.m2\repository\io\opentracing\contrib\opentracing-rxjava-1\0.1.3\opentracing-rxjava-1-0.1.3.jar;C:\Users\mithlesh kumari\.m2\repository\io\opentracing\contrib\opentracing-spring-cloud-redis-starter\0.5.3\opentracing-spring-cloud-redis-starter-0.5.3.jar;C:\Users\mithlesh kumari\.m2\repository\io\opentracing\contrib\opentracing-redis-spring-data2\0.1.14\opentracing-redis-spring-data2-0.1.14.jar;C:\Users\mithlesh kumari\.m2\repository\io\opentracing\contrib\opentracing-redis-common\0.1.14\opentracing-redis-common-0.1.14.jar;C:\Users\mithlesh kumari\.m2\repository\io\opentracing\contrib\opentracing-spring-cloud-mongo-starter\0.5.3\opentracing-spring-cloud-mongo-starter-0.5.3.jar;C:\Users\mithlesh kumari\.m2\repository\io\opentracing\contrib\opentracing-mongo-driver\0.1.5\opentracing-mongo-driver-0.1.5.jar;C:\Users\mithlesh kumari\.m2\repository\io\opentracing\contrib\opentracing-mongo-common\0.1.5\opentracing-mongo-common-0.1.5.jar;C:\Users\mithlesh kumari\.m2\repository\io\opentracing\contrib\opentracing-spring-cloud-websocket-starter\0.5.3\opentracing-spring-cloud-websocket-starter-0.5.3.jar;C:\Users\mithlesh kumari\.m2\repository\io\opentracing\contrib\opentracing-spring-cloud-zuul-starter\0.5.3\opentracing-spring-cloud-zuul-starter-0.5.3.jar;C:\Users\mithlesh kumari\.m2\repository\io\opentracing\contrib\opentracing-spring-cloud-gateway-starter\0.5.3\opentracing-spring-cloud-gateway-starter-0.5.3.jar;"/>
    <property name="sun.cpu.endian" value="little"/>
    <property name="user.home" value="C:\Users\mithlesh kumari"/>
    <property name="user.language" value="en"/>
    <property name="java.specification.vendor" value="Oracle Corporation"/>
    <property name="java.version.date" value="2022-01-18"/>
    <property name="java.home" value="C:\Users\mithlesh kumari\Downloads\sts-4.14.1.RELEASE\plugins\org.eclipse.justj.openjdk.hotspot.jre.full.win32.x86_64_17.0.2.v20220201-1208\jre"/>
    <property name="file.separator" value="\"/>
    <property name="style.color" value="always"/>
    <property name="basedir" value="C:\Users\mithlesh kumari\Documents\workspace-spring-tool-suite-4-4.14.1.RELEASE\AppCon"/>
    <property name="java.vm.compressedOopsMode" value="32-bit"/>
    <property name="line.separator" value="&#10;"/>
    <property name="java.vm.specification.vendor" value="Oracle Corporation"/>
    <property name="java.specification.name" value="Java Platform API Specification"/>
    <property name="surefire.real.class.path" value="C:\Users\MITHLE~1\AppData\Local\Temp\surefire14663948379783140644\surefirebooter11533134043291717755.jar"/>
    <property name="user.script" value=""/>
    <property name="sun.management.compiler" value="HotSpot 64-Bit Tiered Compilers"/>
    <property name="java.runtime.version" value="17.0.2+8"/>
    <property name="user.name" value="mithlesh kumari"/>
    <property name="path.separator" value=";"/>
    <property name="os.version" value="10.0"/>
    <property name="java.runtime.name" value="OpenJDK Runtime Environment"/>
    <property name="file.encoding" value="Cp1252"/>
    <property name="java.vm.name" value="OpenJDK 64-Bit Server VM"/>
    <property name="java.vendor.version" value="Temurin-17.0.2+8"/>
    <property name="localRepository" value="C:\Users\mithlesh kumari\.m2\repository"/>
    <property name="java.vendor.url.bug" value="https://github.com/adoptium/adoptium-support/issues"/>
    <property name="java.io.tmpdir" value="C:\Users\MITHLE~1\AppData\Local\Temp\"/>
    <property name="java.version" value="17.0.2"/>
    <property name="user.dir" value="C:\Users\mithlesh kumari\Documents\workspace-spring-tool-suite-4-4.14.1.RELEASE\AppCon"/>
    <property name="os.arch" value="amd64"/>
    <property name="java.vm.specification.name" value="Java Virtual Machine Specification"/>
    <property name="sun.os.patch.level" value=""/>
    <property name="native.encoding" value="Cp1252"/>
    <property name="java.library.path" value="C:\Users\mithlesh kumari\Downloads\sts-4.14.1.RELEASE\plugins\org.eclipse.justj.openjdk.hotspot.jre.full.win32.x86_64_17.0.2.v20220201-1208\jre\bin;C:\Windows\Sun\Java\bin;C:\Windows\system32;C:\Windows;C:/Users/mithlesh kumari/Downloads/sts-4.14.1.RELEASE//plugins/org.eclipse.justj.openjdk.hotspot.jre.full.win32.x86_64_17.0.2.v20220201-1208/jre/bin/server;C:/Users/mithlesh kumari/Downloads/sts-4.14.1.RELEASE//plugins/org.eclipse.justj.openjdk.hotspot.jre.full.win32.x86_64_17.0.2.v20220201-1208/jre/bin;C:\Program Files\Eclipse Adoptium\jdk-8.0.352.8-hotspot\bin;C:\Program Files (x86)\VMware\VMware Player\bin\;C:\Program Files\nodejs;C:\apache-maven-3.8.6\bin;C:\Program Files\Java\jdk-18.0.1.1\bin;C:\mongosh-1.5.2-win32-x64\bin;C:\Program Files\Git\cmd;C:\Program Files\Docker\Docker\resources\bin;C:\ProgramData\DockerDesktop\version-bin;C:\Program Files;C:\Windows;C:\Windows\System32;C:\Program Files\Git\usr\bin;C:\gradle-7.5.1\bin;C:\minikube;C:\Program Files\MongoDB\Server\6.0\bin;C:\Program Files\node.js;C:\Users\mithlesh kumari\AppData\Local\Programs\Microsoft VS Code\bin;C:\spring-boot-cli-2.7.4-bin\spring-2.7.4\bin;C:\Users\mithlesh kumari\AppData\Local\datree;C:\ProgramData\chocolatey\bin\;C:\Program Files\MongoDB\Server\6.0\bin;C:\Program Files\Java\jdk-18.0.1.1\bin;C:\Program Files\node.js;C:\apache-maven-3.8.6\bin;C:\mongosh-1.5.2-win32-x64\bin;C:\Users\mithlesh kumari\AppData\Local\Programs\Microsoft VS Code\bin;C:\spring-boot-cli-2.7.4-bin\spring-2.7.4\bin;C:\gradle-7.5.1\bin;C:\minikube;C:\ProgramData\chocolatey\bin\;;C:\Users\mithlesh kumari\Downloads\sts-4.14.1.RELEASE;;."/>
    <property name="java.vm.info" value="mixed mode"/>
    <property name="java.vendor" value="Eclipse Adoptium"/>
    <property name="java.vm.version" value="17.0.2+8"/>
    <property name="sun.io.unicode.encoding" value="UnicodeLittle"/>
    <property name="java.class.version" value="61.0"/>
  </properties>
  <testcase name="contextLoads" classname="io.abhishek.AppConApplicationTests" time="0.752"/>
</testsuite>